<?xml version="1.0" encoding="UTF-8"?>
<testng-results ignored="0" total="1" passed="1" failed="0" skipped="0">
  <reporter-output>
  </reporter-output>
  <suite started-at="2018-12-16T12:29:10Z" name="Default suite" finished-at="2018-12-16T12:29:48Z" duration-ms="37756">
    <groups>
    </groups>
    <test started-at="2018-12-16T12:29:10Z" name="Default test" finished-at="2018-12-16T12:29:48Z" duration-ms="37756">
      <class name="TestCases.NewTest">
        <test-method is-config="true" signature="setup()[pri:0, instance:TestCases.NewTest@40cb8df7]" started-at="2018-12-16T12:29:10Z" name="setup" finished-at="2018-12-16T12:29:25Z" duration-ms="14625" status="PASS">
          <reporter-output>
          </reporter-output>
        </test-method> <!-- setup -->
        <test-method signature="test()[pri:0, instance:TestCases.NewTest@40cb8df7]" started-at="2018-12-16T12:29:25Z" name="test" finished-at="2018-12-16T12:29:48Z" duration-ms="23118" status="PASS">
          <reporter-output>
          </reporter-output>
        </test-method> <!-- test -->
      </class> <!-- TestCases.NewTest -->
    </test> <!-- Default test -->
  </suite> <!-- Default suite -->
</testng-results>
